-------------------------------------------------------------------------------
Test set: com.example.library.LibraryTest
-------------------------------------------------------------------------------
Tests run: 3, Failures: 1, Errors: 0, Skipped: 0, Time elapsed: 0.001 s <<< FAILURE! - in com.example.library.LibraryTest
testBorrowBook(com.example.library.LibraryTest)  Time elapsed: 0.001 s  <<< FAILURE!
java.lang.AssertionError
	at com.example.library.LibraryTest.testBorrowBook(LibraryTest.java:43)

